<?xml version="1.0" encoding="UTF-8"?>
<testng-results ignored="0" total="1" passed="1" failed="0" skipped="0">
  <reporter-output>
  </reporter-output>
  <suite started-at="2021-12-22T16:18:05 IST" name="Default suite" finished-at="2021-12-22T16:18:22 IST" duration-ms="16849">
    <groups>
    </groups>
    <test started-at="2021-12-22T16:18:05 IST" name="Default test" finished-at="2021-12-22T16:18:22 IST" duration-ms="16849">
      <class name="leucine.tests.Dbeaver">
        <test-method is-config="true" signature="setupSuite()[pri:0, instance:leucine.tests.Dbeaver@5fa07e12]" started-at="2021-12-22T16:18:03 IST" name="setupSuite" finished-at="2021-12-22T16:18:05 IST" duration-ms="1715" status="PASS">
          <reporter-output>
          </reporter-output>
        </test-method> <!-- setupSuite -->
        <test-method is-config="true" signature="setupMethod()[pri:0, instance:leucine.tests.Dbeaver@5fa07e12]" started-at="2021-12-22T16:18:05 IST" name="setupMethod" finished-at="2021-12-22T16:18:05 IST" duration-ms="1" status="PASS">
          <reporter-output>
          </reporter-output>
        </test-method> <!-- setupMethod -->
        <test-method signature="registerOnSite()[pri:0, instance:leucine.tests.Dbeaver@5fa07e12]" started-at="2021-12-22T16:18:05 IST" name="registerOnSite" finished-at="2021-12-22T16:18:22 IST" duration-ms="16418" status="PASS">
          <reporter-output>
          </reporter-output>
        </test-method> <!-- registerOnSite -->
        <test-method is-config="true" signature="destroyMethod()[pri:0, instance:leucine.tests.Dbeaver@5fa07e12]" started-at="2021-12-22T16:18:22 IST" name="destroyMethod" finished-at="2021-12-22T16:18:22 IST" duration-ms="385" status="PASS">
          <reporter-output>
          </reporter-output>
        </test-method> <!-- destroyMethod -->
        <test-method is-config="true" signature="destroySuite()[pri:0, instance:leucine.tests.Dbeaver@5fa07e12]" started-at="2021-12-22T16:18:22 IST" name="destroySuite" finished-at="2021-12-22T16:18:22 IST" duration-ms="0" status="PASS">
          <reporter-output>
          </reporter-output>
        </test-method> <!-- destroySuite -->
      </class> <!-- leucine.tests.Dbeaver -->
    </test> <!-- Default test -->
  </suite> <!-- Default suite -->
</testng-results>
